12:03:53,392 DEBUG devpinoyLogger:38 - Loading Config.properties File
12:03:53,394 DEBUG devpinoyLogger:51 - Loading OR.properties File
12:03:53,394 DEBUG devpinoyLogger:46 - Opening Brower => Chrome
12:03:54,350 DEBUG RequestAddCookies:123 - CookieSpec selected: default
12:03:54,355 DEBUG RequestAuthCache:77 - Auth cache not set in the context
12:03:54,356 DEBUG PoolingHttpClientConnectionManager:255 - Connection request: [route: {}->http://localhost:19881][total kept alive: 0; route allocated: 0 of 2000; total allocated: 0 of 2000]
12:03:54,364 DEBUG PoolingHttpClientConnectionManager:288 - Connection leased: [id: 0][route: {}->http://localhost:19881][total kept alive: 0; route allocated: 1 of 2000; total allocated: 1 of 2000]
12:03:54,365 DEBUG MainClientExec:235 - Opening connection {}->http://localhost:19881
12:03:54,366 DEBUG DefaultHttpClientConnectionOperator:139 - Connecting to localhost/127.0.0.1:19881
12:03:54,367 DEBUG DefaultHttpClientConnectionOperator:146 - Connection established 127.0.0.1:59212<->127.0.0.1:19881
12:03:54,367 DEBUG DefaultManagedHttpClientConnection:88 - http-outgoing-0: set socket timeout to 10800000
12:03:54,367 DEBUG MainClientExec:256 - Executing request POST /session HTTP/1.1
12:03:54,367 DEBUG MainClientExec:261 - Target auth state: UNCHALLENGED
12:03:54,367 DEBUG MainClientExec:267 - Proxy auth state: UNCHALLENGED
12:03:54,368 DEBUG headers:133 - http-outgoing-0 >> POST /session HTTP/1.1
12:03:54,368 DEBUG headers:136 - http-outgoing-0 >> Content-Type: application/json; charset=utf-8
12:03:54,369 DEBUG headers:136 - http-outgoing-0 >> Content-Length: 560
12:03:54,369 DEBUG headers:136 - http-outgoing-0 >> Host: localhost:19881
12:03:54,369 DEBUG headers:136 - http-outgoing-0 >> Connection: Keep-Alive
12:03:54,369 DEBUG headers:136 - http-outgoing-0 >> User-Agent: Apache-HttpClient/4.5.3 (Java/1.8.0_144)
12:03:54,369 DEBUG headers:136 - http-outgoing-0 >> Accept-Encoding: gzip,deflate
12:03:54,370 DEBUG wire:73 - http-outgoing-0 >> "POST /session HTTP/1.1[\r][\n]"
12:03:54,370 DEBUG wire:73 - http-outgoing-0 >> "Content-Type: application/json; charset=utf-8[\r][\n]"
12:03:54,370 DEBUG wire:73 - http-outgoing-0 >> "Content-Length: 560[\r][\n]"
12:03:54,370 DEBUG wire:73 - http-outgoing-0 >> "Host: localhost:19881[\r][\n]"
12:03:54,370 DEBUG wire:73 - http-outgoing-0 >> "Connection: Keep-Alive[\r][\n]"
12:03:54,370 DEBUG wire:73 - http-outgoing-0 >> "User-Agent: Apache-HttpClient/4.5.3 (Java/1.8.0_144)[\r][\n]"
12:03:54,370 DEBUG wire:73 - http-outgoing-0 >> "Accept-Encoding: gzip,deflate[\r][\n]"
12:03:54,370 DEBUG wire:73 - http-outgoing-0 >> "[\r][\n]"
12:03:54,370 DEBUG wire:73 - http-outgoing-0 >> "{[\n]"
12:03:54,370 DEBUG wire:73 - http-outgoing-0 >> "  "desiredCapabilities": {[\n]"
12:03:54,371 DEBUG wire:73 - http-outgoing-0 >> "    "browserName": "chrome",[\n]"
12:03:54,371 DEBUG wire:73 - http-outgoing-0 >> "    "goog:chromeOptions": {[\n]"
12:03:54,371 DEBUG wire:73 - http-outgoing-0 >> "      "args": [],[\n]"
12:03:54,371 DEBUG wire:73 - http-outgoing-0 >> "      "extensions": [][\n]"
12:03:54,371 DEBUG wire:73 - http-outgoing-0 >> "    }[\n]"
12:03:54,371 DEBUG wire:73 - http-outgoing-0 >> "  },[\n]"
12:03:54,371 DEBUG wire:73 - http-outgoing-0 >> "  "requiredCapabilities": {},[\n]"
12:03:54,371 DEBUG wire:73 - http-outgoing-0 >> "  "capabilities": {[\n]"
12:03:54,371 DEBUG wire:73 - http-outgoing-0 >> "    "desiredCapabilities": {[\n]"
12:03:54,371 DEBUG wire:73 - http-outgoing-0 >> "      "browserName": "chrome",[\n]"
12:03:54,372 DEBUG wire:73 - http-outgoing-0 >> "      "goog:chromeOptions": {[\n]"
12:03:54,372 DEBUG wire:73 - http-outgoing-0 >> "        "args": [],[\n]"
12:03:54,372 DEBUG wire:73 - http-outgoing-0 >> "        "extensions": [][\n]"
12:03:54,372 DEBUG wire:73 - http-outgoing-0 >> "      }[\n]"
12:03:54,372 DEBUG wire:73 - http-outgoing-0 >> "    },[\n]"
12:03:54,372 DEBUG wire:73 - http-outgoing-0 >> "    "requiredCapabilities": {},[\n]"
12:03:54,372 DEBUG wire:73 - http-outgoing-0 >> "    "alwaysMatch": {[\n]"
12:03:54,372 DEBUG wire:73 - http-outgoing-0 >> "      "goog:chromeOptions": {[\n]"
12:03:54,372 DEBUG wire:73 - http-outgoing-0 >> "        "args": [],[\n]"
12:03:54,372 DEBUG wire:73 - http-outgoing-0 >> "        "extensions": [][\n]"
12:03:54,373 DEBUG wire:73 - http-outgoing-0 >> "      }[\n]"
12:03:54,373 DEBUG wire:73 - http-outgoing-0 >> "    },[\n]"
12:03:54,373 DEBUG wire:73 - http-outgoing-0 >> "    "firstMatch": [[\n]"
12:03:54,373 DEBUG wire:73 - http-outgoing-0 >> "      {[\n]"
12:03:54,373 DEBUG wire:73 - http-outgoing-0 >> "        "browserName": "chrome"[\n]"
12:03:54,373 DEBUG wire:73 - http-outgoing-0 >> "      }[\n]"
12:03:54,373 DEBUG wire:73 - http-outgoing-0 >> "    ][\n]"
12:03:54,373 DEBUG wire:73 - http-outgoing-0 >> "  }[\n]"
12:03:54,373 DEBUG wire:87 - http-outgoing-0 >> "}"
12:03:55,735 DEBUG wire:73 - http-outgoing-0 << "HTTP/1.1 200 OK[\r][\n]"
12:03:55,736 DEBUG wire:73 - http-outgoing-0 << "Content-Length:783[\r][\n]"
12:03:55,739 DEBUG wire:73 - http-outgoing-0 << "Content-Type:application/json; charset=utf-8[\r][\n]"
12:03:55,739 DEBUG wire:73 - http-outgoing-0 << "Connection:close[\r][\n]"
12:03:55,740 DEBUG wire:73 - http-outgoing-0 << "[\r][\n]"
12:03:55,740 DEBUG wire:87 - http-outgoing-0 << "{"sessionId":"14631b8c5fccb5b9a60b75295c6daa1c","status":0,"value":{"acceptSslCerts":true,"applicationCacheEnabled":false,"browserConnectionEnabled":false,"browserName":"chrome","chrome":{"chromedriverVersion":"2.30.477700 (0057494ad8732195794a7b32078424f92a5fce41)","userDataDir":"C:\\Users\\MOHIT~1.SHA\\AppData\\Local\\Temp\\scoped_dir9684_795"},"cssSelectorsEnabled":true,"databaseEnabled":false,"handlesAlerts":true,"hasTouchScreen":false,"javascriptEnabled":true,"locationContextEnabled":true,"mobileEmulationEnabled":false,"nativeEvents":true,"networkConnectionEnabled":false,"pageLoadStrategy":"normal","platform":"Windows NT","rotatable":false,"takesHeapSnapshot":true,"takesScreenshot":true,"unexpectedAlertBehaviour":"","version":"61.0.3163.100","webStorageEnabled":true}}"
12:03:55,748 DEBUG headers:122 - http-outgoing-0 << HTTP/1.1 200 OK
12:03:55,748 DEBUG headers:125 - http-outgoing-0 << Content-Length:783
12:03:55,749 DEBUG headers:125 - http-outgoing-0 << Content-Type:application/json; charset=utf-8
12:03:55,749 DEBUG headers:125 - http-outgoing-0 << Connection:close
12:03:55,763 DEBUG DefaultManagedHttpClientConnection:79 - http-outgoing-0: Close connection
12:03:55,764 DEBUG MainClientExec:104 - Connection discarded
12:03:55,765 DEBUG PoolingHttpClientConnectionManager:326 - Connection released: [id: 0][route: {}->http://localhost:19881][total kept alive: 0; route allocated: 0 of 2000; total allocated: 0 of 2000]
12:03:55,813 DEBUG RequestAddCookies:123 - CookieSpec selected: default
12:03:55,813 DEBUG RequestAuthCache:77 - Auth cache not set in the context
12:03:55,813 DEBUG PoolingHttpClientConnectionManager:255 - Connection request: [route: {}->http://localhost:19881][total kept alive: 0; route allocated: 0 of 2000; total allocated: 0 of 2000]
12:03:55,813 DEBUG PoolingHttpClientConnectionManager:288 - Connection leased: [id: 1][route: {}->http://localhost:19881][total kept alive: 0; route allocated: 1 of 2000; total allocated: 1 of 2000]
12:03:55,814 DEBUG MainClientExec:235 - Opening connection {}->http://localhost:19881
12:03:55,814 DEBUG DefaultHttpClientConnectionOperator:139 - Connecting to localhost/127.0.0.1:19881
12:03:55,814 DEBUG DefaultHttpClientConnectionOperator:146 - Connection established 127.0.0.1:59219<->127.0.0.1:19881
12:03:55,814 DEBUG DefaultManagedHttpClientConnection:88 - http-outgoing-1: set socket timeout to 10800000
12:03:55,814 DEBUG MainClientExec:256 - Executing request POST /session/14631b8c5fccb5b9a60b75295c6daa1c/timeouts HTTP/1.1
12:03:55,814 DEBUG MainClientExec:261 - Target auth state: UNCHALLENGED
12:03:55,815 DEBUG MainClientExec:267 - Proxy auth state: UNCHALLENGED
12:03:55,815 DEBUG headers:133 - http-outgoing-1 >> POST /session/14631b8c5fccb5b9a60b75295c6daa1c/timeouts HTTP/1.1
12:03:55,815 DEBUG headers:136 - http-outgoing-1 >> Content-Type: application/json; charset=utf-8
12:03:55,815 DEBUG headers:136 - http-outgoing-1 >> Content-Length: 30
12:03:55,815 DEBUG headers:136 - http-outgoing-1 >> Host: localhost:19881
12:03:55,815 DEBUG headers:136 - http-outgoing-1 >> Connection: Keep-Alive
12:03:55,815 DEBUG headers:136 - http-outgoing-1 >> User-Agent: Apache-HttpClient/4.5.3 (Java/1.8.0_144)
12:03:55,815 DEBUG headers:136 - http-outgoing-1 >> Accept-Encoding: gzip,deflate
12:03:55,815 DEBUG wire:73 - http-outgoing-1 >> "POST /session/14631b8c5fccb5b9a60b75295c6daa1c/timeouts HTTP/1.1[\r][\n]"
12:03:55,815 DEBUG wire:73 - http-outgoing-1 >> "Content-Type: application/json; charset=utf-8[\r][\n]"
12:03:55,816 DEBUG wire:73 - http-outgoing-1 >> "Content-Length: 30[\r][\n]"
12:03:55,816 DEBUG wire:73 - http-outgoing-1 >> "Host: localhost:19881[\r][\n]"
12:03:55,816 DEBUG wire:73 - http-outgoing-1 >> "Connection: Keep-Alive[\r][\n]"
12:03:55,816 DEBUG wire:73 - http-outgoing-1 >> "User-Agent: Apache-HttpClient/4.5.3 (Java/1.8.0_144)[\r][\n]"
12:03:55,816 DEBUG wire:73 - http-outgoing-1 >> "Accept-Encoding: gzip,deflate[\r][\n]"
12:03:55,816 DEBUG wire:73 - http-outgoing-1 >> "[\r][\n]"
12:03:55,816 DEBUG wire:87 - http-outgoing-1 >> "{"type":"implicit","ms":30000}"
12:03:55,817 DEBUG wire:73 - http-outgoing-1 << "HTTP/1.1 200 OK[\r][\n]"
12:03:55,817 DEBUG wire:73 - http-outgoing-1 << "Content-Length:72[\r][\n]"
12:03:55,817 DEBUG wire:73 - http-outgoing-1 << "Content-Type:application/json; charset=utf-8[\r][\n]"
12:03:55,817 DEBUG wire:73 - http-outgoing-1 << "Connection:close[\r][\n]"
12:03:55,817 DEBUG wire:73 - http-outgoing-1 << "[\r][\n]"
12:03:55,817 DEBUG wire:87 - http-outgoing-1 << "{"sessionId":"14631b8c5fccb5b9a60b75295c6daa1c","status":0,"value":null}"
12:03:55,817 DEBUG headers:122 - http-outgoing-1 << HTTP/1.1 200 OK
12:03:55,817 DEBUG headers:125 - http-outgoing-1 << Content-Length:72
12:03:55,817 DEBUG headers:125 - http-outgoing-1 << Content-Type:application/json; charset=utf-8
12:03:55,818 DEBUG headers:125 - http-outgoing-1 << Connection:close
12:03:55,818 DEBUG DefaultManagedHttpClientConnection:79 - http-outgoing-1: Close connection
12:03:55,818 DEBUG MainClientExec:104 - Connection discarded
12:03:55,818 DEBUG PoolingHttpClientConnectionManager:326 - Connection released: [id: 1][route: {}->http://localhost:19881][total kept alive: 0; route allocated: 0 of 2000; total allocated: 0 of 2000]
12:03:55,835 DEBUG devpinoyLogger:88 - Navigate to URL => https://qa-company.livecareer.com
12:03:55,836 DEBUG RequestAddCookies:123 - CookieSpec selected: default
12:03:55,836 DEBUG RequestAuthCache:77 - Auth cache not set in the context
12:03:55,836 DEBUG PoolingHttpClientConnectionManager:255 - Connection request: [route: {}->http://localhost:19881][total kept alive: 0; route allocated: 0 of 2000; total allocated: 0 of 2000]
12:03:55,836 DEBUG PoolingHttpClientConnectionManager:288 - Connection leased: [id: 2][route: {}->http://localhost:19881][total kept alive: 0; route allocated: 1 of 2000; total allocated: 1 of 2000]
12:03:55,836 DEBUG MainClientExec:235 - Opening connection {}->http://localhost:19881
12:03:55,836 DEBUG DefaultHttpClientConnectionOperator:139 - Connecting to localhost/127.0.0.1:19881
12:03:55,837 DEBUG DefaultHttpClientConnectionOperator:146 - Connection established 127.0.0.1:59220<->127.0.0.1:19881
12:03:55,837 DEBUG DefaultManagedHttpClientConnection:88 - http-outgoing-2: set socket timeout to 10800000
12:03:55,837 DEBUG MainClientExec:256 - Executing request POST /session/14631b8c5fccb5b9a60b75295c6daa1c/url HTTP/1.1
12:03:55,837 DEBUG MainClientExec:261 - Target auth state: UNCHALLENGED
12:03:55,837 DEBUG MainClientExec:267 - Proxy auth state: UNCHALLENGED
12:03:55,838 DEBUG headers:133 - http-outgoing-2 >> POST /session/14631b8c5fccb5b9a60b75295c6daa1c/url HTTP/1.1
12:03:55,838 DEBUG headers:136 - http-outgoing-2 >> Content-Type: application/json; charset=utf-8
12:03:55,838 DEBUG headers:136 - http-outgoing-2 >> Content-Length: 43
12:03:55,838 DEBUG headers:136 - http-outgoing-2 >> Host: localhost:19881
12:03:55,838 DEBUG headers:136 - http-outgoing-2 >> Connection: Keep-Alive
12:03:55,838 DEBUG headers:136 - http-outgoing-2 >> User-Agent: Apache-HttpClient/4.5.3 (Java/1.8.0_144)
12:03:55,838 DEBUG headers:136 - http-outgoing-2 >> Accept-Encoding: gzip,deflate
12:03:55,838 DEBUG wire:73 - http-outgoing-2 >> "POST /session/14631b8c5fccb5b9a60b75295c6daa1c/url HTTP/1.1[\r][\n]"
12:03:55,838 DEBUG wire:73 - http-outgoing-2 >> "Content-Type: application/json; charset=utf-8[\r][\n]"
12:03:55,838 DEBUG wire:73 - http-outgoing-2 >> "Content-Length: 43[\r][\n]"
12:03:55,838 DEBUG wire:73 - http-outgoing-2 >> "Host: localhost:19881[\r][\n]"
12:03:55,839 DEBUG wire:73 - http-outgoing-2 >> "Connection: Keep-Alive[\r][\n]"
12:03:55,839 DEBUG wire:73 - http-outgoing-2 >> "User-Agent: Apache-HttpClient/4.5.3 (Java/1.8.0_144)[\r][\n]"
12:03:55,839 DEBUG wire:73 - http-outgoing-2 >> "Accept-Encoding: gzip,deflate[\r][\n]"
12:03:55,839 DEBUG wire:73 - http-outgoing-2 >> "[\r][\n]"
12:03:55,839 DEBUG wire:87 - http-outgoing-2 >> "{"url":"https://qa-company.livecareer.com"}"
12:04:00,021 DEBUG wire:73 - http-outgoing-2 << "HTTP/1.1 200 OK[\r][\n]"
12:04:00,021 DEBUG wire:73 - http-outgoing-2 << "Content-Length:72[\r][\n]"
12:04:00,021 DEBUG wire:73 - http-outgoing-2 << "Content-Type:application/json; charset=utf-8[\r][\n]"
12:04:00,022 DEBUG wire:73 - http-outgoing-2 << "Connection:close[\r][\n]"
12:04:00,022 DEBUG wire:73 - http-outgoing-2 << "[\r][\n]"
12:04:00,022 DEBUG wire:87 - http-outgoing-2 << "{"sessionId":"14631b8c5fccb5b9a60b75295c6daa1c","status":0,"value":null}"
12:04:00,022 DEBUG headers:122 - http-outgoing-2 << HTTP/1.1 200 OK
12:04:00,023 DEBUG headers:125 - http-outgoing-2 << Content-Length:72
12:04:00,023 DEBUG headers:125 - http-outgoing-2 << Content-Type:application/json; charset=utf-8
12:04:00,023 DEBUG headers:125 - http-outgoing-2 << Connection:close
12:04:00,024 DEBUG DefaultManagedHttpClientConnection:79 - http-outgoing-2: Close connection
12:04:00,024 DEBUG MainClientExec:104 - Connection discarded
12:04:00,025 DEBUG PoolingHttpClientConnectionManager:326 - Connection released: [id: 2][route: {}->http://localhost:19881][total kept alive: 0; route allocated: 0 of 2000; total allocated: 0 of 2000]
12:04:00,029 DEBUG RequestAddCookies:123 - CookieSpec selected: default
12:04:00,029 DEBUG RequestAuthCache:77 - Auth cache not set in the context
12:04:00,029 DEBUG PoolingHttpClientConnectionManager:255 - Connection request: [route: {}->http://localhost:19881][total kept alive: 0; route allocated: 0 of 2000; total allocated: 0 of 2000]
12:04:00,030 DEBUG PoolingHttpClientConnectionManager:288 - Connection leased: [id: 3][route: {}->http://localhost:19881][total kept alive: 0; route allocated: 1 of 2000; total allocated: 1 of 2000]
12:04:00,030 DEBUG MainClientExec:235 - Opening connection {}->http://localhost:19881
12:04:00,030 DEBUG DefaultHttpClientConnectionOperator:139 - Connecting to localhost/127.0.0.1:19881
12:04:00,031 DEBUG DefaultHttpClientConnectionOperator:146 - Connection established 127.0.0.1:59261<->127.0.0.1:19881
12:04:00,031 DEBUG DefaultManagedHttpClientConnection:88 - http-outgoing-3: set socket timeout to 10800000
12:04:00,031 DEBUG MainClientExec:256 - Executing request POST /session/14631b8c5fccb5b9a60b75295c6daa1c/window/current/maximize HTTP/1.1
12:04:00,031 DEBUG MainClientExec:261 - Target auth state: UNCHALLENGED
12:04:00,031 DEBUG MainClientExec:267 - Proxy auth state: UNCHALLENGED
12:04:00,032 DEBUG headers:133 - http-outgoing-3 >> POST /session/14631b8c5fccb5b9a60b75295c6daa1c/window/current/maximize HTTP/1.1
12:04:00,032 DEBUG headers:136 - http-outgoing-3 >> Content-Type: application/json; charset=utf-8
12:04:00,032 DEBUG headers:136 - http-outgoing-3 >> Content-Length: 45
12:04:00,032 DEBUG headers:136 - http-outgoing-3 >> Host: localhost:19881
12:04:00,032 DEBUG headers:136 - http-outgoing-3 >> Connection: Keep-Alive
12:04:00,032 DEBUG headers:136 - http-outgoing-3 >> User-Agent: Apache-HttpClient/4.5.3 (Java/1.8.0_144)
12:04:00,032 DEBUG headers:136 - http-outgoing-3 >> Accept-Encoding: gzip,deflate
12:04:00,033 DEBUG wire:73 - http-outgoing-3 >> "POST /session/14631b8c5fccb5b9a60b75295c6daa1c/window/current/maximize HTTP/1.1[\r][\n]"
12:04:00,033 DEBUG wire:73 - http-outgoing-3 >> "Content-Type: application/json; charset=utf-8[\r][\n]"
12:04:00,033 DEBUG wire:73 - http-outgoing-3 >> "Content-Length: 45[\r][\n]"
12:04:00,033 DEBUG wire:73 - http-outgoing-3 >> "Host: localhost:19881[\r][\n]"
12:04:00,033 DEBUG wire:73 - http-outgoing-3 >> "Connection: Keep-Alive[\r][\n]"
12:04:00,033 DEBUG wire:73 - http-outgoing-3 >> "User-Agent: Apache-HttpClient/4.5.3 (Java/1.8.0_144)[\r][\n]"
12:04:00,033 DEBUG wire:73 - http-outgoing-3 >> "Accept-Encoding: gzip,deflate[\r][\n]"
12:04:00,034 DEBUG wire:73 - http-outgoing-3 >> "[\r][\n]"
12:04:00,034 DEBUG wire:87 - http-outgoing-3 >> "{"windowHandle":"current","handle":"current"}"
12:04:01,165 DEBUG wire:73 - http-outgoing-3 << "HTTP/1.1 200 OK[\r][\n]"
12:04:01,166 DEBUG wire:73 - http-outgoing-3 << "Content-Length:72[\r][\n]"
12:04:01,166 DEBUG wire:73 - http-outgoing-3 << "Content-Type:application/json; charset=utf-8[\r][\n]"
12:04:01,166 DEBUG wire:73 - http-outgoing-3 << "Connection:close[\r][\n]"
12:04:01,167 DEBUG wire:73 - http-outgoing-3 << "[\r][\n]"
12:04:01,167 DEBUG wire:87 - http-outgoing-3 << "{"sessionId":"14631b8c5fccb5b9a60b75295c6daa1c","status":0,"value":null}"
12:04:01,168 DEBUG headers:122 - http-outgoing-3 << HTTP/1.1 200 OK
12:04:01,168 DEBUG headers:125 - http-outgoing-3 << Content-Length:72
12:04:01,168 DEBUG headers:125 - http-outgoing-3 << Content-Type:application/json; charset=utf-8
12:04:01,169 DEBUG headers:125 - http-outgoing-3 << Connection:close
12:04:01,170 DEBUG DefaultManagedHttpClientConnection:79 - http-outgoing-3: Close connection
12:04:01,170 DEBUG MainClientExec:104 - Connection discarded
12:04:01,171 DEBUG PoolingHttpClientConnectionManager:326 - Connection released: [id: 3][route: {}->http://localhost:19881][total kept alive: 0; route allocated: 0 of 2000; total allocated: 0 of 2000]
12:04:01,180 DEBUG RequestAddCookies:123 - CookieSpec selected: default
12:04:01,181 DEBUG RequestAuthCache:77 - Auth cache not set in the context
12:04:01,181 DEBUG PoolingHttpClientConnectionManager:255 - Connection request: [route: {}->http://localhost:19881][total kept alive: 0; route allocated: 0 of 2000; total allocated: 0 of 2000]
12:04:01,181 DEBUG PoolingHttpClientConnectionManager:288 - Connection leased: [id: 4][route: {}->http://localhost:19881][total kept alive: 0; route allocated: 1 of 2000; total allocated: 1 of 2000]
12:04:01,181 DEBUG MainClientExec:235 - Opening connection {}->http://localhost:19881
12:04:01,182 DEBUG DefaultHttpClientConnectionOperator:139 - Connecting to localhost/127.0.0.1:19881
12:04:01,183 DEBUG DefaultHttpClientConnectionOperator:146 - Connection established 127.0.0.1:59266<->127.0.0.1:19881
12:04:01,183 DEBUG DefaultManagedHttpClientConnection:88 - http-outgoing-4: set socket timeout to 10800000
12:04:01,183 DEBUG MainClientExec:256 - Executing request POST /session/14631b8c5fccb5b9a60b75295c6daa1c/element HTTP/1.1
12:04:01,184 DEBUG MainClientExec:261 - Target auth state: UNCHALLENGED
12:04:01,184 DEBUG MainClientExec:267 - Proxy auth state: UNCHALLENGED
12:04:01,184 DEBUG headers:133 - http-outgoing-4 >> POST /session/14631b8c5fccb5b9a60b75295c6daa1c/element HTTP/1.1
12:04:01,184 DEBUG headers:136 - http-outgoing-4 >> Content-Type: application/json; charset=utf-8
12:04:01,185 DEBUG headers:136 - http-outgoing-4 >> Content-Length: 47
12:04:01,185 DEBUG headers:136 - http-outgoing-4 >> Host: localhost:19881
12:04:01,185 DEBUG headers:136 - http-outgoing-4 >> Connection: Keep-Alive
12:04:01,185 DEBUG headers:136 - http-outgoing-4 >> User-Agent: Apache-HttpClient/4.5.3 (Java/1.8.0_144)
12:04:01,186 DEBUG headers:136 - http-outgoing-4 >> Accept-Encoding: gzip,deflate
12:04:01,186 DEBUG wire:73 - http-outgoing-4 >> "POST /session/14631b8c5fccb5b9a60b75295c6daa1c/element HTTP/1.1[\r][\n]"
12:04:01,186 DEBUG wire:73 - http-outgoing-4 >> "Content-Type: application/json; charset=utf-8[\r][\n]"
12:04:01,186 DEBUG wire:73 - http-outgoing-4 >> "Content-Length: 47[\r][\n]"
12:04:01,187 DEBUG wire:73 - http-outgoing-4 >> "Host: localhost:19881[\r][\n]"
12:04:01,187 DEBUG wire:73 - http-outgoing-4 >> "Connection: Keep-Alive[\r][\n]"
12:04:01,187 DEBUG wire:73 - http-outgoing-4 >> "User-Agent: Apache-HttpClient/4.5.3 (Java/1.8.0_144)[\r][\n]"
12:04:01,187 DEBUG wire:73 - http-outgoing-4 >> "Accept-Encoding: gzip,deflate[\r][\n]"
12:04:01,188 DEBUG wire:73 - http-outgoing-4 >> "[\r][\n]"
12:04:01,188 DEBUG wire:87 - http-outgoing-4 >> "{"using":"xpath","value":"//li[@id='lclogin']"}"
12:04:01,219 DEBUG wire:73 - http-outgoing-4 << "HTTP/1.1 200 OK[\r][\n]"
12:04:01,219 DEBUG wire:73 - http-outgoing-4 << "Content-Length:103[\r][\n]"
12:04:01,219 DEBUG wire:73 - http-outgoing-4 << "Content-Type:application/json; charset=utf-8[\r][\n]"
12:04:01,220 DEBUG wire:73 - http-outgoing-4 << "Connection:close[\r][\n]"
12:04:01,220 DEBUG wire:73 - http-outgoing-4 << "[\r][\n]"
12:04:01,220 DEBUG wire:87 - http-outgoing-4 << "{"sessionId":"14631b8c5fccb5b9a60b75295c6daa1c","status":0,"value":{"ELEMENT":"0.01882462431903309-1"}}"
12:04:01,220 DEBUG headers:122 - http-outgoing-4 << HTTP/1.1 200 OK
12:04:01,220 DEBUG headers:125 - http-outgoing-4 << Content-Length:103
12:04:01,220 DEBUG headers:125 - http-outgoing-4 << Content-Type:application/json; charset=utf-8
12:04:01,220 DEBUG headers:125 - http-outgoing-4 << Connection:close
12:04:01,221 DEBUG DefaultManagedHttpClientConnection:79 - http-outgoing-4: Close connection
12:04:01,221 DEBUG MainClientExec:104 - Connection discarded
12:04:01,221 DEBUG PoolingHttpClientConnectionManager:326 - Connection released: [id: 4][route: {}->http://localhost:19881][total kept alive: 0; route allocated: 0 of 2000; total allocated: 0 of 2000]
12:04:01,224 DEBUG RequestAddCookies:123 - CookieSpec selected: default
12:04:01,224 DEBUG RequestAuthCache:77 - Auth cache not set in the context
12:04:01,224 DEBUG PoolingHttpClientConnectionManager:255 - Connection request: [route: {}->http://localhost:19881][total kept alive: 0; route allocated: 0 of 2000; total allocated: 0 of 2000]
12:04:01,224 DEBUG PoolingHttpClientConnectionManager:288 - Connection leased: [id: 5][route: {}->http://localhost:19881][total kept alive: 0; route allocated: 1 of 2000; total allocated: 1 of 2000]
12:04:01,224 DEBUG MainClientExec:235 - Opening connection {}->http://localhost:19881
12:04:01,225 DEBUG DefaultHttpClientConnectionOperator:139 - Connecting to localhost/127.0.0.1:19881
12:04:01,225 DEBUG DefaultHttpClientConnectionOperator:146 - Connection established 127.0.0.1:59267<->127.0.0.1:19881
12:04:01,225 DEBUG DefaultManagedHttpClientConnection:88 - http-outgoing-5: set socket timeout to 10800000
12:04:01,225 DEBUG MainClientExec:256 - Executing request POST /session/14631b8c5fccb5b9a60b75295c6daa1c/element/0.01882462431903309-1/click HTTP/1.1
12:04:01,226 DEBUG MainClientExec:261 - Target auth state: UNCHALLENGED
12:04:01,226 DEBUG MainClientExec:267 - Proxy auth state: UNCHALLENGED
12:04:01,226 DEBUG headers:133 - http-outgoing-5 >> POST /session/14631b8c5fccb5b9a60b75295c6daa1c/element/0.01882462431903309-1/click HTTP/1.1
12:04:01,226 DEBUG headers:136 - http-outgoing-5 >> Content-Type: application/json; charset=utf-8
12:04:01,226 DEBUG headers:136 - http-outgoing-5 >> Content-Length: 30
12:04:01,226 DEBUG headers:136 - http-outgoing-5 >> Host: localhost:19881
12:04:01,226 DEBUG headers:136 - http-outgoing-5 >> Connection: Keep-Alive
12:04:01,227 DEBUG headers:136 - http-outgoing-5 >> User-Agent: Apache-HttpClient/4.5.3 (Java/1.8.0_144)
12:04:01,227 DEBUG headers:136 - http-outgoing-5 >> Accept-Encoding: gzip,deflate
12:04:01,227 DEBUG wire:73 - http-outgoing-5 >> "POST /session/14631b8c5fccb5b9a60b75295c6daa1c/element/0.01882462431903309-1/click HTTP/1.1[\r][\n]"
12:04:01,227 DEBUG wire:73 - http-outgoing-5 >> "Content-Type: application/json; charset=utf-8[\r][\n]"
12:04:01,227 DEBUG wire:73 - http-outgoing-5 >> "Content-Length: 30[\r][\n]"
12:04:01,227 DEBUG wire:73 - http-outgoing-5 >> "Host: localhost:19881[\r][\n]"
12:04:01,227 DEBUG wire:73 - http-outgoing-5 >> "Connection: Keep-Alive[\r][\n]"
12:04:01,228 DEBUG wire:73 - http-outgoing-5 >> "User-Agent: Apache-HttpClient/4.5.3 (Java/1.8.0_144)[\r][\n]"
12:04:01,228 DEBUG wire:73 - http-outgoing-5 >> "Accept-Encoding: gzip,deflate[\r][\n]"
12:04:01,228 DEBUG wire:73 - http-outgoing-5 >> "[\r][\n]"
12:04:01,228 DEBUG wire:87 - http-outgoing-5 >> "{"id":"0.01882462431903309-1"}"
12:04:01,280 DEBUG wire:73 - http-outgoing-5 << "HTTP/1.1 200 OK[\r][\n]"
12:04:01,281 DEBUG wire:73 - http-outgoing-5 << "Content-Length:72[\r][\n]"
12:04:01,281 DEBUG wire:73 - http-outgoing-5 << "Content-Type:application/json; charset=utf-8[\r][\n]"
12:04:01,281 DEBUG wire:73 - http-outgoing-5 << "Connection:close[\r][\n]"
12:04:01,281 DEBUG wire:73 - http-outgoing-5 << "[\r][\n]"
12:04:01,281 DEBUG wire:87 - http-outgoing-5 << "{"sessionId":"14631b8c5fccb5b9a60b75295c6daa1c","status":0,"value":null}"
12:04:01,281 DEBUG headers:122 - http-outgoing-5 << HTTP/1.1 200 OK
12:04:01,282 DEBUG headers:125 - http-outgoing-5 << Content-Length:72
12:04:01,282 DEBUG headers:125 - http-outgoing-5 << Content-Type:application/json; charset=utf-8
12:04:01,282 DEBUG headers:125 - http-outgoing-5 << Connection:close
12:04:01,282 DEBUG DefaultManagedHttpClientConnection:79 - http-outgoing-5: Close connection
12:04:01,282 DEBUG MainClientExec:104 - Connection discarded
12:04:01,283 DEBUG PoolingHttpClientConnectionManager:326 - Connection released: [id: 5][route: {}->http://localhost:19881][total kept alive: 0; route allocated: 0 of 2000; total allocated: 0 of 2000]
12:04:01,284 DEBUG RequestAddCookies:123 - CookieSpec selected: default
12:04:01,285 DEBUG RequestAuthCache:77 - Auth cache not set in the context
12:04:01,285 DEBUG PoolingHttpClientConnectionManager:255 - Connection request: [route: {}->http://localhost:19881][total kept alive: 0; route allocated: 0 of 2000; total allocated: 0 of 2000]
12:04:01,285 DEBUG PoolingHttpClientConnectionManager:288 - Connection leased: [id: 6][route: {}->http://localhost:19881][total kept alive: 0; route allocated: 1 of 2000; total allocated: 1 of 2000]
12:04:01,285 DEBUG MainClientExec:235 - Opening connection {}->http://localhost:19881
12:04:01,285 DEBUG DefaultHttpClientConnectionOperator:139 - Connecting to localhost/127.0.0.1:19881
12:04:01,286 DEBUG DefaultHttpClientConnectionOperator:146 - Connection established 127.0.0.1:59270<->127.0.0.1:19881
12:04:01,286 DEBUG DefaultManagedHttpClientConnection:88 - http-outgoing-6: set socket timeout to 10800000
12:04:01,286 DEBUG MainClientExec:256 - Executing request POST /session/14631b8c5fccb5b9a60b75295c6daa1c/element HTTP/1.1
12:04:01,286 DEBUG MainClientExec:261 - Target auth state: UNCHALLENGED
12:04:01,286 DEBUG MainClientExec:267 - Proxy auth state: UNCHALLENGED
12:04:01,286 DEBUG headers:133 - http-outgoing-6 >> POST /session/14631b8c5fccb5b9a60b75295c6daa1c/element HTTP/1.1
12:04:01,286 DEBUG headers:136 - http-outgoing-6 >> Content-Type: application/json; charset=utf-8
12:04:01,287 DEBUG headers:136 - http-outgoing-6 >> Content-Length: 59
12:04:01,287 DEBUG headers:136 - http-outgoing-6 >> Host: localhost:19881
12:04:01,287 DEBUG headers:136 - http-outgoing-6 >> Connection: Keep-Alive
12:04:01,287 DEBUG headers:136 - http-outgoing-6 >> User-Agent: Apache-HttpClient/4.5.3 (Java/1.8.0_144)
12:04:01,287 DEBUG headers:136 - http-outgoing-6 >> Accept-Encoding: gzip,deflate
12:04:01,287 DEBUG wire:73 - http-outgoing-6 >> "POST /session/14631b8c5fccb5b9a60b75295c6daa1c/element HTTP/1.1[\r][\n]"
12:04:01,287 DEBUG wire:73 - http-outgoing-6 >> "Content-Type: application/json; charset=utf-8[\r][\n]"
12:04:01,287 DEBUG wire:73 - http-outgoing-6 >> "Content-Length: 59[\r][\n]"
12:04:01,287 DEBUG wire:73 - http-outgoing-6 >> "Host: localhost:19881[\r][\n]"
12:04:01,288 DEBUG wire:73 - http-outgoing-6 >> "Connection: Keep-Alive[\r][\n]"
12:04:01,288 DEBUG wire:73 - http-outgoing-6 >> "User-Agent: Apache-HttpClient/4.5.3 (Java/1.8.0_144)[\r][\n]"
12:04:01,288 DEBUG wire:73 - http-outgoing-6 >> "Accept-Encoding: gzip,deflate[\r][\n]"
12:04:01,288 DEBUG wire:73 - http-outgoing-6 >> "[\r][\n]"
12:04:01,288 DEBUG wire:87 - http-outgoing-6 >> "{"using":"xpath","value":"//input[@name='signinUserName']"}"
12:04:02,347 DEBUG wire:73 - http-outgoing-6 << "HTTP/1.1 200 OK[\r][\n]"
12:04:02,348 DEBUG wire:73 - http-outgoing-6 << "Content-Length:103[\r][\n]"
12:04:02,348 DEBUG wire:73 - http-outgoing-6 << "Content-Type:application/json; charset=utf-8[\r][\n]"
12:04:02,349 DEBUG wire:73 - http-outgoing-6 << "Connection:close[\r][\n]"
12:04:02,349 DEBUG wire:73 - http-outgoing-6 << "[\r][\n]"
12:04:02,349 DEBUG wire:87 - http-outgoing-6 << "{"sessionId":"14631b8c5fccb5b9a60b75295c6daa1c","status":0,"value":{"ELEMENT":"0.01882462431903309-2"}}"
12:04:02,349 DEBUG headers:122 - http-outgoing-6 << HTTP/1.1 200 OK
12:04:02,349 DEBUG headers:125 - http-outgoing-6 << Content-Length:103
12:04:02,349 DEBUG headers:125 - http-outgoing-6 << Content-Type:application/json; charset=utf-8
12:04:02,350 DEBUG headers:125 - http-outgoing-6 << Connection:close
12:04:02,350 DEBUG DefaultManagedHttpClientConnection:79 - http-outgoing-6: Close connection
12:04:02,350 DEBUG MainClientExec:104 - Connection discarded
12:04:02,350 DEBUG PoolingHttpClientConnectionManager:326 - Connection released: [id: 6][route: {}->http://localhost:19881][total kept alive: 0; route allocated: 0 of 2000; total allocated: 0 of 2000]
12:04:02,352 DEBUG RequestAddCookies:123 - CookieSpec selected: default
12:04:02,353 DEBUG RequestAuthCache:77 - Auth cache not set in the context
12:04:02,353 DEBUG PoolingHttpClientConnectionManager:255 - Connection request: [route: {}->http://localhost:19881][total kept alive: 0; route allocated: 0 of 2000; total allocated: 0 of 2000]
12:04:02,353 DEBUG PoolingHttpClientConnectionManager:288 - Connection leased: [id: 7][route: {}->http://localhost:19881][total kept alive: 0; route allocated: 1 of 2000; total allocated: 1 of 2000]
12:04:02,353 DEBUG MainClientExec:235 - Opening connection {}->http://localhost:19881
12:04:02,353 DEBUG DefaultHttpClientConnectionOperator:139 - Connecting to localhost/127.0.0.1:19881
12:04:02,354 DEBUG DefaultHttpClientConnectionOperator:146 - Connection established 127.0.0.1:59273<->127.0.0.1:19881
12:04:02,354 DEBUG DefaultManagedHttpClientConnection:88 - http-outgoing-7: set socket timeout to 10800000
12:04:02,354 DEBUG MainClientExec:256 - Executing request POST /session/14631b8c5fccb5b9a60b75295c6daa1c/element/0.01882462431903309-2/value HTTP/1.1
12:04:02,354 DEBUG MainClientExec:261 - Target auth state: UNCHALLENGED
12:04:02,355 DEBUG MainClientExec:267 - Proxy auth state: UNCHALLENGED
12:04:02,355 DEBUG headers:133 - http-outgoing-7 >> POST /session/14631b8c5fccb5b9a60b75295c6daa1c/element/0.01882462431903309-2/value HTTP/1.1
12:04:02,355 DEBUG headers:136 - http-outgoing-7 >> Content-Type: application/json; charset=utf-8
12:04:02,355 DEBUG headers:136 - http-outgoing-7 >> Content-Length: 65
12:04:02,355 DEBUG headers:136 - http-outgoing-7 >> Host: localhost:19881
12:04:02,355 DEBUG headers:136 - http-outgoing-7 >> Connection: Keep-Alive
12:04:02,355 DEBUG headers:136 - http-outgoing-7 >> User-Agent: Apache-HttpClient/4.5.3 (Java/1.8.0_144)
12:04:02,356 DEBUG headers:136 - http-outgoing-7 >> Accept-Encoding: gzip,deflate
12:04:02,356 DEBUG wire:73 - http-outgoing-7 >> "POST /session/14631b8c5fccb5b9a60b75295c6daa1c/element/0.01882462431903309-2/value HTTP/1.1[\r][\n]"
12:04:02,356 DEBUG wire:73 - http-outgoing-7 >> "Content-Type: application/json; charset=utf-8[\r][\n]"
12:04:02,356 DEBUG wire:73 - http-outgoing-7 >> "Content-Length: 65[\r][\n]"
12:04:02,356 DEBUG wire:73 - http-outgoing-7 >> "Host: localhost:19881[\r][\n]"
12:04:02,356 DEBUG wire:73 - http-outgoing-7 >> "Connection: Keep-Alive[\r][\n]"
12:04:02,356 DEBUG wire:73 - http-outgoing-7 >> "User-Agent: Apache-HttpClient/4.5.3 (Java/1.8.0_144)[\r][\n]"
12:04:02,357 DEBUG wire:73 - http-outgoing-7 >> "Accept-Encoding: gzip,deflate[\r][\n]"
12:04:02,357 DEBUG wire:73 - http-outgoing-7 >> "[\r][\n]"
12:04:02,357 DEBUG wire:87 - http-outgoing-7 >> "{"id":"0.01882462431903309-2","value":["mohit.sharma2@bold.com"]}"
12:04:02,482 DEBUG wire:73 - http-outgoing-7 << "HTTP/1.1 200 OK[\r][\n]"
12:04:02,482 DEBUG wire:73 - http-outgoing-7 << "Content-Length:72[\r][\n]"
12:04:02,482 DEBUG wire:73 - http-outgoing-7 << "Content-Type:application/json; charset=utf-8[\r][\n]"
12:04:02,482 DEBUG wire:73 - http-outgoing-7 << "Connection:close[\r][\n]"
12:04:02,482 DEBUG wire:73 - http-outgoing-7 << "[\r][\n]"
12:04:02,482 DEBUG wire:87 - http-outgoing-7 << "{"sessionId":"14631b8c5fccb5b9a60b75295c6daa1c","status":0,"value":null}"
12:04:02,483 DEBUG headers:122 - http-outgoing-7 << HTTP/1.1 200 OK
12:04:02,483 DEBUG headers:125 - http-outgoing-7 << Content-Length:72
12:04:02,483 DEBUG headers:125 - http-outgoing-7 << Content-Type:application/json; charset=utf-8
12:04:02,483 DEBUG headers:125 - http-outgoing-7 << Connection:close
12:04:02,483 DEBUG DefaultManagedHttpClientConnection:79 - http-outgoing-7: Close connection
12:04:02,483 DEBUG MainClientExec:104 - Connection discarded
12:04:02,483 DEBUG PoolingHttpClientConnectionManager:326 - Connection released: [id: 7][route: {}->http://localhost:19881][total kept alive: 0; route allocated: 0 of 2000; total allocated: 0 of 2000]
12:04:02,484 DEBUG devpinoyLogger:136 - Entering Data/Input => mohit.sharma2@bold.com into => xpath =>//input[@name='signinUserName']
12:04:02,484 DEBUG RequestAddCookies:123 - CookieSpec selected: default
12:04:02,485 DEBUG RequestAuthCache:77 - Auth cache not set in the context
12:04:02,485 DEBUG PoolingHttpClientConnectionManager:255 - Connection request: [route: {}->http://localhost:19881][total kept alive: 0; route allocated: 0 of 2000; total allocated: 0 of 2000]
12:04:02,485 DEBUG PoolingHttpClientConnectionManager:288 - Connection leased: [id: 8][route: {}->http://localhost:19881][total kept alive: 0; route allocated: 1 of 2000; total allocated: 1 of 2000]
12:04:02,485 DEBUG MainClientExec:235 - Opening connection {}->http://localhost:19881
12:04:02,485 DEBUG DefaultHttpClientConnectionOperator:139 - Connecting to localhost/127.0.0.1:19881
12:04:02,485 DEBUG DefaultHttpClientConnectionOperator:146 - Connection established 127.0.0.1:59276<->127.0.0.1:19881
12:04:02,485 DEBUG DefaultManagedHttpClientConnection:88 - http-outgoing-8: set socket timeout to 10800000
12:04:02,485 DEBUG MainClientExec:256 - Executing request POST /session/14631b8c5fccb5b9a60b75295c6daa1c/element HTTP/1.1
12:04:02,486 DEBUG MainClientExec:261 - Target auth state: UNCHALLENGED
12:04:02,486 DEBUG MainClientExec:267 - Proxy auth state: UNCHALLENGED
12:04:02,486 DEBUG headers:133 - http-outgoing-8 >> POST /session/14631b8c5fccb5b9a60b75295c6daa1c/element HTTP/1.1
12:04:02,486 DEBUG headers:136 - http-outgoing-8 >> Content-Type: application/json; charset=utf-8
12:04:02,486 DEBUG headers:136 - http-outgoing-8 >> Content-Length: 59
12:04:02,486 DEBUG headers:136 - http-outgoing-8 >> Host: localhost:19881
12:04:02,486 DEBUG headers:136 - http-outgoing-8 >> Connection: Keep-Alive
12:04:02,486 DEBUG headers:136 - http-outgoing-8 >> User-Agent: Apache-HttpClient/4.5.3 (Java/1.8.0_144)
12:04:02,486 DEBUG headers:136 - http-outgoing-8 >> Accept-Encoding: gzip,deflate
12:04:02,486 DEBUG wire:73 - http-outgoing-8 >> "POST /session/14631b8c5fccb5b9a60b75295c6daa1c/element HTTP/1.1[\r][\n]"
12:04:02,486 DEBUG wire:73 - http-outgoing-8 >> "Content-Type: application/json; charset=utf-8[\r][\n]"
12:04:02,486 DEBUG wire:73 - http-outgoing-8 >> "Content-Length: 59[\r][\n]"
12:04:02,486 DEBUG wire:73 - http-outgoing-8 >> "Host: localhost:19881[\r][\n]"
12:04:02,487 DEBUG wire:73 - http-outgoing-8 >> "Connection: Keep-Alive[\r][\n]"
12:04:02,487 DEBUG wire:73 - http-outgoing-8 >> "User-Agent: Apache-HttpClient/4.5.3 (Java/1.8.0_144)[\r][\n]"
12:04:02,487 DEBUG wire:73 - http-outgoing-8 >> "Accept-Encoding: gzip,deflate[\r][\n]"
12:04:02,487 DEBUG wire:73 - http-outgoing-8 >> "[\r][\n]"
12:04:02,487 DEBUG wire:87 - http-outgoing-8 >> "{"using":"xpath","value":"//input[@name='signinPassword']"}"
12:04:02,501 DEBUG wire:73 - http-outgoing-8 << "HTTP/1.1 200 OK[\r][\n]"
12:04:02,501 DEBUG wire:73 - http-outgoing-8 << "Content-Length:103[\r][\n]"
12:04:02,501 DEBUG wire:73 - http-outgoing-8 << "Content-Type:application/json; charset=utf-8[\r][\n]"
12:04:02,501 DEBUG wire:73 - http-outgoing-8 << "Connection:close[\r][\n]"
12:04:02,502 DEBUG wire:73 - http-outgoing-8 << "[\r][\n]"
12:04:02,502 DEBUG wire:87 - http-outgoing-8 << "{"sessionId":"14631b8c5fccb5b9a60b75295c6daa1c","status":0,"value":{"ELEMENT":"0.01882462431903309-3"}}"
12:04:02,502 DEBUG headers:122 - http-outgoing-8 << HTTP/1.1 200 OK
12:04:02,502 DEBUG headers:125 - http-outgoing-8 << Content-Length:103
12:04:02,502 DEBUG headers:125 - http-outgoing-8 << Content-Type:application/json; charset=utf-8
12:04:02,502 DEBUG headers:125 - http-outgoing-8 << Connection:close
12:04:02,502 DEBUG DefaultManagedHttpClientConnection:79 - http-outgoing-8: Close connection
12:04:02,503 DEBUG MainClientExec:104 - Connection discarded
12:04:02,503 DEBUG PoolingHttpClientConnectionManager:326 - Connection released: [id: 8][route: {}->http://localhost:19881][total kept alive: 0; route allocated: 0 of 2000; total allocated: 0 of 2000]
12:04:02,504 DEBUG RequestAddCookies:123 - CookieSpec selected: default
12:04:02,504 DEBUG RequestAuthCache:77 - Auth cache not set in the context
12:04:02,504 DEBUG PoolingHttpClientConnectionManager:255 - Connection request: [route: {}->http://localhost:19881][total kept alive: 0; route allocated: 0 of 2000; total allocated: 0 of 2000]
12:04:02,504 DEBUG PoolingHttpClientConnectionManager:288 - Connection leased: [id: 9][route: {}->http://localhost:19881][total kept alive: 0; route allocated: 1 of 2000; total allocated: 1 of 2000]
12:04:02,505 DEBUG MainClientExec:235 - Opening connection {}->http://localhost:19881
12:04:02,505 DEBUG DefaultHttpClientConnectionOperator:139 - Connecting to localhost/127.0.0.1:19881
12:04:02,505 DEBUG DefaultHttpClientConnectionOperator:146 - Connection established 127.0.0.1:59277<->127.0.0.1:19881
12:04:02,505 DEBUG DefaultManagedHttpClientConnection:88 - http-outgoing-9: set socket timeout to 10800000
12:04:02,505 DEBUG MainClientExec:256 - Executing request POST /session/14631b8c5fccb5b9a60b75295c6daa1c/element/0.01882462431903309-3/value HTTP/1.1
12:04:02,506 DEBUG MainClientExec:261 - Target auth state: UNCHALLENGED
12:04:02,506 DEBUG MainClientExec:267 - Proxy auth state: UNCHALLENGED
12:04:02,506 DEBUG headers:133 - http-outgoing-9 >> POST /session/14631b8c5fccb5b9a60b75295c6daa1c/element/0.01882462431903309-3/value HTTP/1.1
12:04:02,506 DEBUG headers:136 - http-outgoing-9 >> Content-Type: application/json; charset=utf-8
12:04:02,506 DEBUG headers:136 - http-outgoing-9 >> Content-Length: 52
12:04:02,506 DEBUG headers:136 - http-outgoing-9 >> Host: localhost:19881
12:04:02,506 DEBUG headers:136 - http-outgoing-9 >> Connection: Keep-Alive
12:04:02,506 DEBUG headers:136 - http-outgoing-9 >> User-Agent: Apache-HttpClient/4.5.3 (Java/1.8.0_144)
12:04:02,506 DEBUG headers:136 - http-outgoing-9 >> Accept-Encoding: gzip,deflate
12:04:02,506 DEBUG wire:73 - http-outgoing-9 >> "POST /session/14631b8c5fccb5b9a60b75295c6daa1c/element/0.01882462431903309-3/value HTTP/1.1[\r][\n]"
12:04:02,506 DEBUG wire:73 - http-outgoing-9 >> "Content-Type: application/json; charset=utf-8[\r][\n]"
12:04:02,506 DEBUG wire:73 - http-outgoing-9 >> "Content-Length: 52[\r][\n]"
12:04:02,506 DEBUG wire:73 - http-outgoing-9 >> "Host: localhost:19881[\r][\n]"
12:04:02,506 DEBUG wire:73 - http-outgoing-9 >> "Connection: Keep-Alive[\r][\n]"
12:04:02,507 DEBUG wire:73 - http-outgoing-9 >> "User-Agent: Apache-HttpClient/4.5.3 (Java/1.8.0_144)[\r][\n]"
12:04:02,507 DEBUG wire:73 - http-outgoing-9 >> "Accept-Encoding: gzip,deflate[\r][\n]"
12:04:02,507 DEBUG wire:73 - http-outgoing-9 >> "[\r][\n]"
12:04:02,507 DEBUG wire:87 - http-outgoing-9 >> "{"id":"0.01882462431903309-3","value":["test@1234"]}"
12:04:02,557 DEBUG wire:73 - http-outgoing-9 << "HTTP/1.1 200 OK[\r][\n]"
12:04:02,557 DEBUG wire:73 - http-outgoing-9 << "Content-Length:72[\r][\n]"
12:04:02,557 DEBUG wire:73 - http-outgoing-9 << "Content-Type:application/json; charset=utf-8[\r][\n]"
12:04:02,557 DEBUG wire:73 - http-outgoing-9 << "Connection:close[\r][\n]"
12:04:02,557 DEBUG wire:73 - http-outgoing-9 << "[\r][\n]"
12:04:02,557 DEBUG wire:87 - http-outgoing-9 << "{"sessionId":"14631b8c5fccb5b9a60b75295c6daa1c","status":0,"value":null}"
12:04:02,557 DEBUG headers:122 - http-outgoing-9 << HTTP/1.1 200 OK
12:04:02,557 DEBUG headers:125 - http-outgoing-9 << Content-Length:72
12:04:02,557 DEBUG headers:125 - http-outgoing-9 << Content-Type:application/json; charset=utf-8
12:04:02,557 DEBUG headers:125 - http-outgoing-9 << Connection:close
12:04:02,558 DEBUG DefaultManagedHttpClientConnection:79 - http-outgoing-9: Close connection
12:04:02,558 DEBUG MainClientExec:104 - Connection discarded
12:04:02,558 DEBUG PoolingHttpClientConnectionManager:326 - Connection released: [id: 9][route: {}->http://localhost:19881][total kept alive: 0; route allocated: 0 of 2000; total allocated: 0 of 2000]
12:04:02,559 DEBUG devpinoyLogger:136 - Entering Data/Input => test@1234 into => xpath =>//input[@name='signinPassword']
12:04:02,559 DEBUG RequestAddCookies:123 - CookieSpec selected: default
12:04:02,559 DEBUG RequestAuthCache:77 - Auth cache not set in the context
12:04:02,559 DEBUG PoolingHttpClientConnectionManager:255 - Connection request: [route: {}->http://localhost:19881][total kept alive: 0; route allocated: 0 of 2000; total allocated: 0 of 2000]
12:04:02,559 DEBUG PoolingHttpClientConnectionManager:288 - Connection leased: [id: 10][route: {}->http://localhost:19881][total kept alive: 0; route allocated: 1 of 2000; total allocated: 1 of 2000]
12:04:02,559 DEBUG MainClientExec:235 - Opening connection {}->http://localhost:19881
12:04:02,560 DEBUG DefaultHttpClientConnectionOperator:139 - Connecting to localhost/127.0.0.1:19881
12:04:02,560 DEBUG DefaultHttpClientConnectionOperator:146 - Connection established 127.0.0.1:59278<->127.0.0.1:19881
12:04:02,560 DEBUG DefaultManagedHttpClientConnection:88 - http-outgoing-10: set socket timeout to 10800000
12:04:02,560 DEBUG MainClientExec:256 - Executing request POST /session/14631b8c5fccb5b9a60b75295c6daa1c/element HTTP/1.1
12:04:02,560 DEBUG MainClientExec:261 - Target auth state: UNCHALLENGED
12:04:02,560 DEBUG MainClientExec:267 - Proxy auth state: UNCHALLENGED
12:04:02,560 DEBUG headers:133 - http-outgoing-10 >> POST /session/14631b8c5fccb5b9a60b75295c6daa1c/element HTTP/1.1
12:04:02,560 DEBUG headers:136 - http-outgoing-10 >> Content-Type: application/json; charset=utf-8
12:04:02,560 DEBUG headers:136 - http-outgoing-10 >> Content-Length: 52
12:04:02,561 DEBUG headers:136 - http-outgoing-10 >> Host: localhost:19881
12:04:02,561 DEBUG headers:136 - http-outgoing-10 >> Connection: Keep-Alive
12:04:02,561 DEBUG headers:136 - http-outgoing-10 >> User-Agent: Apache-HttpClient/4.5.3 (Java/1.8.0_144)
12:04:02,561 DEBUG headers:136 - http-outgoing-10 >> Accept-Encoding: gzip,deflate
12:04:02,561 DEBUG wire:73 - http-outgoing-10 >> "POST /session/14631b8c5fccb5b9a60b75295c6daa1c/element HTTP/1.1[\r][\n]"
12:04:02,561 DEBUG wire:73 - http-outgoing-10 >> "Content-Type: application/json; charset=utf-8[\r][\n]"
12:04:02,561 DEBUG wire:73 - http-outgoing-10 >> "Content-Length: 52[\r][\n]"
12:04:02,561 DEBUG wire:73 - http-outgoing-10 >> "Host: localhost:19881[\r][\n]"
12:04:02,561 DEBUG wire:73 - http-outgoing-10 >> "Connection: Keep-Alive[\r][\n]"
12:04:02,561 DEBUG wire:73 - http-outgoing-10 >> "User-Agent: Apache-HttpClient/4.5.3 (Java/1.8.0_144)[\r][\n]"
12:04:02,561 DEBUG wire:73 - http-outgoing-10 >> "Accept-Encoding: gzip,deflate[\r][\n]"
12:04:02,561 DEBUG wire:73 - http-outgoing-10 >> "[\r][\n]"
12:04:02,561 DEBUG wire:87 - http-outgoing-10 >> "{"using":"xpath","value":"//button[@id='btnLogin']"}"
12:04:02,575 DEBUG wire:73 - http-outgoing-10 << "HTTP/1.1 200 OK[\r][\n]"
12:04:02,575 DEBUG wire:73 - http-outgoing-10 << "Content-Length:103[\r][\n]"
12:04:02,575 DEBUG wire:73 - http-outgoing-10 << "Content-Type:application/json; charset=utf-8[\r][\n]"
12:04:02,575 DEBUG wire:73 - http-outgoing-10 << "Connection:close[\r][\n]"
12:04:02,575 DEBUG wire:73 - http-outgoing-10 << "[\r][\n]"
12:04:02,576 DEBUG wire:87 - http-outgoing-10 << "{"sessionId":"14631b8c5fccb5b9a60b75295c6daa1c","status":0,"value":{"ELEMENT":"0.01882462431903309-4"}}"
12:04:02,576 DEBUG headers:122 - http-outgoing-10 << HTTP/1.1 200 OK
12:04:02,576 DEBUG headers:125 - http-outgoing-10 << Content-Length:103
12:04:02,576 DEBUG headers:125 - http-outgoing-10 << Content-Type:application/json; charset=utf-8
12:04:02,576 DEBUG headers:125 - http-outgoing-10 << Connection:close
12:04:02,576 DEBUG DefaultManagedHttpClientConnection:79 - http-outgoing-10: Close connection
12:04:02,576 DEBUG MainClientExec:104 - Connection discarded
12:04:02,576 DEBUG PoolingHttpClientConnectionManager:326 - Connection released: [id: 10][route: {}->http://localhost:19881][total kept alive: 0; route allocated: 0 of 2000; total allocated: 0 of 2000]
12:04:02,578 DEBUG RequestAddCookies:123 - CookieSpec selected: default
12:04:02,578 DEBUG RequestAuthCache:77 - Auth cache not set in the context
12:04:02,578 DEBUG PoolingHttpClientConnectionManager:255 - Connection request: [route: {}->http://localhost:19881][total kept alive: 0; route allocated: 0 of 2000; total allocated: 0 of 2000]
12:04:02,578 DEBUG PoolingHttpClientConnectionManager:288 - Connection leased: [id: 11][route: {}->http://localhost:19881][total kept alive: 0; route allocated: 1 of 2000; total allocated: 1 of 2000]
12:04:02,578 DEBUG MainClientExec:235 - Opening connection {}->http://localhost:19881
12:04:02,579 DEBUG DefaultHttpClientConnectionOperator:139 - Connecting to localhost/127.0.0.1:19881
12:04:02,579 DEBUG DefaultHttpClientConnectionOperator:146 - Connection established 127.0.0.1:59279<->127.0.0.1:19881
12:04:02,579 DEBUG DefaultManagedHttpClientConnection:88 - http-outgoing-11: set socket timeout to 10800000
12:04:02,579 DEBUG MainClientExec:256 - Executing request POST /session/14631b8c5fccb5b9a60b75295c6daa1c/element/0.01882462431903309-4/click HTTP/1.1
12:04:02,579 DEBUG MainClientExec:261 - Target auth state: UNCHALLENGED
12:04:02,579 DEBUG MainClientExec:267 - Proxy auth state: UNCHALLENGED
12:04:02,580 DEBUG headers:133 - http-outgoing-11 >> POST /session/14631b8c5fccb5b9a60b75295c6daa1c/element/0.01882462431903309-4/click HTTP/1.1
12:04:02,580 DEBUG headers:136 - http-outgoing-11 >> Content-Type: application/json; charset=utf-8
12:04:02,580 DEBUG headers:136 - http-outgoing-11 >> Content-Length: 30
12:04:02,580 DEBUG headers:136 - http-outgoing-11 >> Host: localhost:19881
12:04:02,580 DEBUG headers:136 - http-outgoing-11 >> Connection: Keep-Alive
12:04:02,580 DEBUG headers:136 - http-outgoing-11 >> User-Agent: Apache-HttpClient/4.5.3 (Java/1.8.0_144)
12:04:02,580 DEBUG headers:136 - http-outgoing-11 >> Accept-Encoding: gzip,deflate
12:04:02,580 DEBUG wire:73 - http-outgoing-11 >> "POST /session/14631b8c5fccb5b9a60b75295c6daa1c/element/0.01882462431903309-4/click HTTP/1.1[\r][\n]"
12:04:02,580 DEBUG wire:73 - http-outgoing-11 >> "Content-Type: application/json; charset=utf-8[\r][\n]"
12:04:02,580 DEBUG wire:73 - http-outgoing-11 >> "Content-Length: 30[\r][\n]"
12:04:02,580 DEBUG wire:73 - http-outgoing-11 >> "Host: localhost:19881[\r][\n]"
12:04:02,580 DEBUG wire:73 - http-outgoing-11 >> "Connection: Keep-Alive[\r][\n]"
12:04:02,581 DEBUG wire:73 - http-outgoing-11 >> "User-Agent: Apache-HttpClient/4.5.3 (Java/1.8.0_144)[\r][\n]"
12:04:02,581 DEBUG wire:73 - http-outgoing-11 >> "Accept-Encoding: gzip,deflate[\r][\n]"
12:04:02,581 DEBUG wire:73 - http-outgoing-11 >> "[\r][\n]"
12:04:02,581 DEBUG wire:87 - http-outgoing-11 >> "{"id":"0.01882462431903309-4"}"
12:04:02,650 DEBUG wire:73 - http-outgoing-11 << "HTTP/1.1 200 OK[\r][\n]"
12:04:02,650 DEBUG wire:73 - http-outgoing-11 << "Content-Length:72[\r][\n]"
12:04:02,650 DEBUG wire:73 - http-outgoing-11 << "Content-Type:application/json; charset=utf-8[\r][\n]"
12:04:02,650 DEBUG wire:73 - http-outgoing-11 << "Connection:close[\r][\n]"
12:04:02,650 DEBUG wire:73 - http-outgoing-11 << "[\r][\n]"
12:04:02,651 DEBUG wire:87 - http-outgoing-11 << "{"sessionId":"14631b8c5fccb5b9a60b75295c6daa1c","status":0,"value":null}"
12:04:02,651 DEBUG headers:122 - http-outgoing-11 << HTTP/1.1 200 OK
12:04:02,651 DEBUG headers:125 - http-outgoing-11 << Content-Length:72
12:04:02,651 DEBUG headers:125 - http-outgoing-11 << Content-Type:application/json; charset=utf-8
12:04:02,651 DEBUG headers:125 - http-outgoing-11 << Connection:close
12:04:02,651 DEBUG DefaultManagedHttpClientConnection:79 - http-outgoing-11: Close connection
12:04:02,652 DEBUG MainClientExec:104 - Connection discarded
12:04:02,652 DEBUG PoolingHttpClientConnectionManager:326 - Connection released: [id: 11][route: {}->http://localhost:19881][total kept alive: 0; route allocated: 0 of 2000; total allocated: 0 of 2000]
12:04:02,667 DEBUG devpinoyLogger:21 - Creating Final Execution HTML Report.
12:04:02,668 DEBUG devpinoyLogger:40 - Execution HTML Report Genrated.
12:04:02,668 DEBUG devpinoyLogger:68 - Closing all Browser Instances
12:04:02,669 DEBUG RequestAddCookies:123 - CookieSpec selected: default
12:04:02,669 DEBUG RequestAuthCache:77 - Auth cache not set in the context
12:04:02,669 DEBUG PoolingHttpClientConnectionManager:255 - Connection request: [route: {}->http://localhost:19881][total kept alive: 0; route allocated: 0 of 2000; total allocated: 0 of 2000]
12:04:02,669 DEBUG PoolingHttpClientConnectionManager:288 - Connection leased: [id: 12][route: {}->http://localhost:19881][total kept alive: 0; route allocated: 1 of 2000; total allocated: 1 of 2000]
12:04:02,670 DEBUG MainClientExec:235 - Opening connection {}->http://localhost:19881
12:04:02,670 DEBUG DefaultHttpClientConnectionOperator:139 - Connecting to localhost/127.0.0.1:19881
12:04:02,670 DEBUG DefaultHttpClientConnectionOperator:146 - Connection established 127.0.0.1:59281<->127.0.0.1:19881
12:04:02,670 DEBUG DefaultManagedHttpClientConnection:88 - http-outgoing-12: set socket timeout to 10800000
12:04:02,670 DEBUG MainClientExec:256 - Executing request DELETE /session/14631b8c5fccb5b9a60b75295c6daa1c/window HTTP/1.1
12:04:02,670 DEBUG MainClientExec:261 - Target auth state: UNCHALLENGED
12:04:02,670 DEBUG MainClientExec:267 - Proxy auth state: UNCHALLENGED
12:04:02,671 DEBUG headers:133 - http-outgoing-12 >> DELETE /session/14631b8c5fccb5b9a60b75295c6daa1c/window HTTP/1.1
12:04:02,671 DEBUG headers:136 - http-outgoing-12 >> Host: localhost:19881
12:04:02,671 DEBUG headers:136 - http-outgoing-12 >> Connection: Keep-Alive
12:04:02,671 DEBUG headers:136 - http-outgoing-12 >> User-Agent: Apache-HttpClient/4.5.3 (Java/1.8.0_144)
12:04:02,671 DEBUG headers:136 - http-outgoing-12 >> Accept-Encoding: gzip,deflate
12:04:02,671 DEBUG wire:73 - http-outgoing-12 >> "DELETE /session/14631b8c5fccb5b9a60b75295c6daa1c/window HTTP/1.1[\r][\n]"
12:04:02,671 DEBUG wire:73 - http-outgoing-12 >> "Host: localhost:19881[\r][\n]"
12:04:02,671 DEBUG wire:73 - http-outgoing-12 >> "Connection: Keep-Alive[\r][\n]"
12:04:02,671 DEBUG wire:73 - http-outgoing-12 >> "User-Agent: Apache-HttpClient/4.5.3 (Java/1.8.0_144)[\r][\n]"
12:04:02,671 DEBUG wire:73 - http-outgoing-12 >> "Accept-Encoding: gzip,deflate[\r][\n]"
12:04:02,671 DEBUG wire:73 - http-outgoing-12 >> "[\r][\n]"
12:04:04,978 DEBUG wire:73 - http-outgoing-12 << "HTTP/1.1 200 OK[\r][\n]"
12:04:04,978 DEBUG wire:73 - http-outgoing-12 << "Content-Length:72[\r][\n]"
12:04:04,979 DEBUG wire:73 - http-outgoing-12 << "Content-Type:application/json; charset=utf-8[\r][\n]"
12:04:04,979 DEBUG wire:73 - http-outgoing-12 << "Connection:close[\r][\n]"
12:04:04,979 DEBUG wire:73 - http-outgoing-12 << "[\r][\n]"
12:04:04,979 DEBUG wire:87 - http-outgoing-12 << "{"sessionId":"14631b8c5fccb5b9a60b75295c6daa1c","status":0,"value":null}"
12:04:04,979 DEBUG headers:122 - http-outgoing-12 << HTTP/1.1 200 OK
12:04:04,979 DEBUG headers:125 - http-outgoing-12 << Content-Length:72
12:04:04,979 DEBUG headers:125 - http-outgoing-12 << Content-Type:application/json; charset=utf-8
12:04:04,979 DEBUG headers:125 - http-outgoing-12 << Connection:close
12:04:04,979 DEBUG DefaultManagedHttpClientConnection:79 - http-outgoing-12: Close connection
12:04:04,979 DEBUG MainClientExec:104 - Connection discarded
12:04:04,980 DEBUG PoolingHttpClientConnectionManager:326 - Connection released: [id: 12][route: {}->http://localhost:19881][total kept alive: 0; route allocated: 0 of 2000; total allocated: 0 of 2000]
12:04:04,981 DEBUG RequestAddCookies:123 - CookieSpec selected: default
12:04:04,981 DEBUG RequestAuthCache:77 - Auth cache not set in the context
12:04:04,981 DEBUG PoolingHttpClientConnectionManager:255 - Connection request: [route: {}->http://localhost:19881][total kept alive: 0; route allocated: 0 of 2000; total allocated: 0 of 2000]
12:04:04,981 DEBUG PoolingHttpClientConnectionManager:288 - Connection leased: [id: 13][route: {}->http://localhost:19881][total kept alive: 0; route allocated: 1 of 2000; total allocated: 1 of 2000]
12:04:04,981 DEBUG MainClientExec:235 - Opening connection {}->http://localhost:19881
12:04:04,981 DEBUG DefaultHttpClientConnectionOperator:139 - Connecting to localhost/127.0.0.1:19881
12:04:04,982 DEBUG DefaultHttpClientConnectionOperator:146 - Connection established 127.0.0.1:59291<->127.0.0.1:19881
12:04:04,982 DEBUG DefaultManagedHttpClientConnection:88 - http-outgoing-13: set socket timeout to 10800000
12:04:04,982 DEBUG MainClientExec:256 - Executing request DELETE /session/14631b8c5fccb5b9a60b75295c6daa1c HTTP/1.1
12:04:04,982 DEBUG MainClientExec:261 - Target auth state: UNCHALLENGED
12:04:04,982 DEBUG MainClientExec:267 - Proxy auth state: UNCHALLENGED
12:04:04,983 DEBUG headers:133 - http-outgoing-13 >> DELETE /session/14631b8c5fccb5b9a60b75295c6daa1c HTTP/1.1
12:04:04,983 DEBUG headers:136 - http-outgoing-13 >> Host: localhost:19881
12:04:04,983 DEBUG headers:136 - http-outgoing-13 >> Connection: Keep-Alive
12:04:04,983 DEBUG headers:136 - http-outgoing-13 >> User-Agent: Apache-HttpClient/4.5.3 (Java/1.8.0_144)
12:04:04,983 DEBUG headers:136 - http-outgoing-13 >> Accept-Encoding: gzip,deflate
12:04:04,983 DEBUG wire:73 - http-outgoing-13 >> "DELETE /session/14631b8c5fccb5b9a60b75295c6daa1c HTTP/1.1[\r][\n]"
12:04:04,983 DEBUG wire:73 - http-outgoing-13 >> "Host: localhost:19881[\r][\n]"
12:04:04,983 DEBUG wire:73 - http-outgoing-13 >> "Connection: Keep-Alive[\r][\n]"
12:04:04,984 DEBUG wire:73 - http-outgoing-13 >> "User-Agent: Apache-HttpClient/4.5.3 (Java/1.8.0_144)[\r][\n]"
12:04:04,984 DEBUG wire:73 - http-outgoing-13 >> "Accept-Encoding: gzip,deflate[\r][\n]"
12:04:04,984 DEBUG wire:73 - http-outgoing-13 >> "[\r][\n]"
12:04:05,000 DEBUG wire:73 - http-outgoing-13 << "HTTP/1.1 200 OK[\r][\n]"
12:04:05,000 DEBUG wire:73 - http-outgoing-13 << "Content-Length:40[\r][\n]"
12:04:05,000 DEBUG wire:73 - http-outgoing-13 << "Content-Type:application/json; charset=utf-8[\r][\n]"
12:04:05,000 DEBUG wire:73 - http-outgoing-13 << "Connection:close[\r][\n]"
12:04:05,000 DEBUG wire:73 - http-outgoing-13 << "[\r][\n]"
12:04:05,000 DEBUG wire:87 - http-outgoing-13 << "{"sessionId":"","status":0,"value":null}"
12:04:05,000 DEBUG headers:122 - http-outgoing-13 << HTTP/1.1 200 OK
12:04:05,000 DEBUG headers:125 - http-outgoing-13 << Content-Length:40
12:04:05,001 DEBUG headers:125 - http-outgoing-13 << Content-Type:application/json; charset=utf-8
12:04:05,001 DEBUG headers:125 - http-outgoing-13 << Connection:close
12:04:05,001 DEBUG DefaultManagedHttpClientConnection:79 - http-outgoing-13: Close connection
12:04:05,001 DEBUG MainClientExec:104 - Connection discarded
12:04:05,001 DEBUG PoolingHttpClientConnectionManager:326 - Connection released: [id: 13][route: {}->http://localhost:19881][total kept alive: 0; route allocated: 0 of 2000; total allocated: 0 of 2000]
12:04:05,002 DEBUG PoolingHttpClientConnectionManager:407 - Closing connections idle longer than 0 SECONDS
12:04:05,517 DEBUG devpinoyLogger:71 - Closing DB Connection
